<?xml version="1.0" encoding="UTF-8"?>
<!-- Generated by org.testng.reporters.JUnitXMLReporter -->
<testsuite hostname="HCI-1-117" ignored="0" name="CallBackFormIntegrationCase" tests="2" failures="0" timestamp="19 Jul 2019 10:04:01 GMT" time="12.693" errors="0">
  <testcase name="@BeforeTest initializeReport" time="0.0" classname="com.idp.cases.CallBackFormCase">
    <failure type="org.openqa.selenium.WebDriverException" message="unknown error: cannot determine loading status
from disconnected: unable to send message to renderer
  (Session info: chrome=75.0.3770.142)
  (Driver info: chromedriver=72.0.3626.69 (3c16f8a135abc0d4da2dff33804db79b849a7c38),platform=Windows NT 6.1.7601 SP1 x86_64) (WARNING: The server did not provide any stacktrace information)
Command duration or timeout: 995 milliseconds
Build info: version: &amp;apos;3.0.1&amp;apos;, revision: &amp;apos;1969d75&amp;apos;, time: &amp;apos;2016-10-18 09:49:13 -0700&amp;apos;
System info: host: &amp;apos;HCI-1-117&amp;apos;, ip: &amp;apos;192.168.1.117&amp;apos;, os.name: &amp;apos;Windows 7&amp;apos;, os.arch: &amp;apos;amd64&amp;apos;, os.version: &amp;apos;6.1&amp;apos;, java.version: &amp;apos;1.8.0_144&amp;apos;
Driver info: org.openqa.selenium.chrome.ChromeDriver
Capabilities [{mobileEmulationEnabled=false, timeouts={implicit=0, pageLoad=300000, script=30000}, hasTouchScreen=false, platform=XP, acceptSslCerts=false, goog:chromeOptions={debuggerAddress=localhost:54149}, acceptInsecureCerts=false, webStorageEnabled=true, browserName=chrome, takesScreenshot=true, javascriptEnabled=true, setWindowRect=true, unexpectedAlertBehaviour=ignore, applicationCacheEnabled=false, rotatable=false, networkConnectionEnabled=false, chrome={chromedriverVersion=72.0.3626.69 (3c16f8a135abc0d4da2dff33804db79b849a7c38), userDataDir=C:\Users\JEGADI~1.S\AppData\Local\Temp\scoped_dir13092_32319}, takesHeapSnapshot=true, pageLoadStrategy=normal, databaseEnabled=false, handlesAlerts=true, version=75.0.3770.142, browserConnectionEnabled=false, proxy={}, nativeEvents=true, locationContextEnabled=true, cssSelectorsEnabled=true}]
Session ID: b50023a8717a9c4920e719e36d6ea8cc">
      <![CDATA[org.openqa.selenium.WebDriverException: unknown error: cannot determine loading status
from disconnected: unable to send message to renderer
  (Session info: chrome=75.0.3770.142)
  (Driver info: chromedriver=72.0.3626.69 (3c16f8a135abc0d4da2dff33804db79b849a7c38),platform=Windows NT 6.1.7601 SP1 x86_64) (WARNING: The server did not provide any stacktrace information)
Command duration or timeout: 995 milliseconds
Build info: version: '3.0.1', revision: '1969d75', time: '2016-10-18 09:49:13 -0700'
System info: host: 'HCI-1-117', ip: '192.168.1.117', os.name: 'Windows 7', os.arch: 'amd64', os.version: '6.1', java.version: '1.8.0_144'
Driver info: org.openqa.selenium.chrome.ChromeDriver
Capabilities [{mobileEmulationEnabled=false, timeouts={implicit=0, pageLoad=300000, script=30000}, hasTouchScreen=false, platform=XP, acceptSslCerts=false, goog:chromeOptions={debuggerAddress=localhost:54149}, acceptInsecureCerts=false, webStorageEnabled=true, browserName=chrome, takesScreenshot=true, javascriptEnabled=true, setWindowRect=true, unexpectedAlertBehaviour=ignore, applicationCacheEnabled=false, rotatable=false, networkConnectionEnabled=false, chrome={chromedriverVersion=72.0.3626.69 (3c16f8a135abc0d4da2dff33804db79b849a7c38), userDataDir=C:\Users\JEGADI~1.S\AppData\Local\Temp\scoped_dir13092_32319}, takesHeapSnapshot=true, pageLoadStrategy=normal, databaseEnabled=false, handlesAlerts=true, version=75.0.3770.142, browserConnectionEnabled=false, proxy={}, nativeEvents=true, locationContextEnabled=true, cssSelectorsEnabled=true}]
Session ID: b50023a8717a9c4920e719e36d6ea8cc
	at org.openqa.selenium.remote.ErrorHandler.createThrowable(ErrorHandler.java:216)
	at org.openqa.selenium.remote.ErrorHandler.throwIfResponseFailed(ErrorHandler.java:168)
	at org.openqa.selenium.remote.RemoteWebDriver.execute(RemoteWebDriver.java:635)
	at org.openqa.selenium.remote.RemoteWebDriver.get(RemoteWebDriver.java:322)
	at com.idp.functionlibrary.Commanmethod.openBrowser(Commanmethod.java:127)
	at com.idp.cases.CallBackFormCase.initializeReport(CallBackFormCase.java:28)
... Removed 27 stack frames]]>
    </failure>
  </testcase> <!-- @BeforeTest initializeReport -->
  <testcase name="@AfterTest closeReport" time="0.0" classname="com.idp.cases.C4CTest">
    <skipped/>
  </testcase> <!-- @AfterTest closeReport -->
  <testcase name="@AfterTest closeReport" time="0.0" classname="com.idp.cases.CallBackFormCase">
    <skipped/>
  </testcase> <!-- @AfterTest closeReport -->
  <testcase name="verifyCBF" time="0.003" classname="com.idp.cases.CallBackFormCase">
    <skipped/>
  </testcase> <!-- verifyCBF -->
  <testcase name="verifyC4C" time="0.004" classname="com.idp.cases.C4CTest">
    <skipped/>
  </testcase> <!-- verifyC4C -->
</testsuite> <!-- CallBackFormIntegrationCase -->
